{"/home/javier/Documents/intekglobal/training/leicaMicrInvent/leicMicInv/App.js": {"path":"/home/javier/Documents/intekglobal/training/leicaMicrInvent/leicMicInv/App.js","statementMap":{"0":{"start":{"line":15,"column":14},"end":{"line":15,"column":36}},"1":{"start":{"line":17,"column":36},"end":{"line":17,"column":50}},"2":{"start":{"line":19,"column":2},"end":{"line":53,"column":4}}},"fnMap":{"0":{"name":"App","decl":{"start":{"line":16,"column":24},"end":{"line":16,"column":27}},"loc":{"start":{"line":16,"column":30},"end":{"line":54,"column":1}},"line":16}},"branchMap":{"0":{"loc":{"start":{"line":23,"column":11},"end":{"line":49,"column":11}},"type":"cond-expr","locations":[{"start":{"line":24,"column":12},"end":{"line":31,"column":15}},{"start":{"line":33,"column":12},"end":{"line":48,"column":15}}],"line":23}},"s":{"0":1,"1":1,"2":1},"f":{"0":1},"b":{"0":[0,1]},"_coverageSchema":"1a1c01bbd47fc00a2c39e90264f33305004495a9","hash":"5c1e81305dffdcc54928d2bc9c3208682755d890"}
,"/home/javier/Documents/intekglobal/training/leicaMicrInvent/leicMicInv/src/components/DashboardCard.js": {"path":"/home/javier/Documents/intekglobal/training/leicaMicrInvent/leicMicInv/src/components/DashboardCard.js","statementMap":{"0":{"start":{"line":5,"column":2},"end":{"line":11,"column":4}},"1":{"start":{"line":14,"column":15},"end":{"line":29,"column":2}}},"fnMap":{"0":{"name":"DashboardCard","decl":{"start":{"line":4,"column":16},"end":{"line":4,"column":29}},"loc":{"start":{"line":4,"column":63},"end":{"line":12,"column":1}},"line":4}},"branchMap":{"0":{"loc":{"start":{"line":6,"column":31},"end":{"line":6,"column":66}},"type":"binary-expr","locations":[{"start":{"line":6,"column":31},"end":{"line":6,"column":51}},{"start":{"line":6,"column":55},"end":{"line":6,"column":66}}],"line":6}},"s":{"0":1,"1":2},"f":{"0":1},"b":{"0":[1,1]},"_coverageSchema":"1a1c01bbd47fc00a2c39e90264f33305004495a9","hash":"5c43ebed035b0cd2ff9e4575ef364f50ed9a0eac"}
,"/home/javier/Documents/intekglobal/training/leicaMicrInvent/leicMicInv/src/components/IconButton.js": {"path":"/home/javier/Documents/intekglobal/training/leicaMicrInvent/leicMicInv/src/components/IconButton.js","statementMap":{"0":{"start":{"line":5,"column":2},"end":{"line":16,"column":4}},"1":{"start":{"line":7,"column":30},"end":{"line":11,"column":7}},"2":{"start":{"line":21,"column":15},"end":{"line":30,"column":2}}},"fnMap":{"0":{"name":"IconButton","decl":{"start":{"line":4,"column":9},"end":{"line":4,"column":19}},"loc":{"start":{"line":4,"column":74},"end":{"line":17,"column":1}},"line":4},"1":{"name":"(anonymous_1)","decl":{"start":{"line":7,"column":13},"end":{"line":7,"column":14}},"loc":{"start":{"line":7,"column":30},"end":{"line":11,"column":7}},"line":7}},"branchMap":{"0":{"loc":{"start":{"line":4,"column":28},"end":{"line":4,"column":37}},"type":"default-arg","locations":[{"start":{"line":4,"column":35},"end":{"line":4,"column":37}}],"line":4},"1":{"loc":{"start":{"line":4,"column":39},"end":{"line":4,"column":54}},"type":"default-arg","locations":[{"start":{"line":4,"column":47},"end":{"line":4,"column":54}}],"line":4},"2":{"loc":{"start":{"line":9,"column":8},"end":{"line":9,"column":33}},"type":"binary-expr","locations":[{"start":{"line":9,"column":8},"end":{"line":9,"column":15}},{"start":{"line":9,"column":19},"end":{"line":9,"column":33}}],"line":9},"3":{"loc":{"start":{"line":10,"column":8},"end":{"line":10,"column":22}},"type":"binary-expr","locations":[{"start":{"line":10,"column":8},"end":{"line":10,"column":13}},{"start":{"line":10,"column":17},"end":{"line":10,"column":22}}],"line":10}},"s":{"0":0,"1":0,"2":1},"f":{"0":0,"1":0},"b":{"0":[0],"1":[0],"2":[0,0],"3":[0,0]},"_coverageSchema":"1a1c01bbd47fc00a2c39e90264f33305004495a9","hash":"1d6a795d9487b0bc1b67365b14ff802fb0b428eb"}
,"/home/javier/Documents/intekglobal/training/leicaMicrInvent/leicMicInv/src/components/Item.js": {"path":"/home/javier/Documents/intekglobal/training/leicaMicrInvent/leicMicInv/src/components/Item.js","statementMap":{"0":{"start":{"line":6,"column":16},"end":{"line":6,"column":74}},"1":{"start":{"line":7,"column":20},"end":{"line":7,"column":41}},"2":{"start":{"line":8,"column":21},"end":{"line":8,"column":71}},"3":{"start":{"line":9,"column":19},"end":{"line":9,"column":62}},"4":{"start":{"line":11,"column":2},"end":{"line":17,"column":4}},"5":{"start":{"line":21,"column":21},"end":{"line":21,"column":36}},"6":{"start":{"line":23,"column":21},"end":{"line":23,"column":56}},"7":{"start":{"line":25,"column":19},"end":{"line":25,"column":39}},"8":{"start":{"line":28,"column":4},"end":{"line":28,"column":27}},"9":{"start":{"line":32,"column":4},"end":{"line":32,"column":56}},"10":{"start":{"line":34,"column":2},"end":{"line":71,"column":4}},"11":{"start":{"line":74,"column":15},"end":{"line":133,"column":2}}},"fnMap":{"0":{"name":"TextWithHighlight","decl":{"start":{"line":5,"column":9},"end":{"line":5,"column":26}},"loc":{"start":{"line":5,"column":54},"end":{"line":18,"column":1}},"line":5},"1":{"name":"Item","decl":{"start":{"line":20,"column":16},"end":{"line":20,"column":20}},"loc":{"start":{"line":20,"column":55},"end":{"line":72,"column":1}},"line":20},"2":{"name":"handleShowOptions","decl":{"start":{"line":27,"column":11},"end":{"line":27,"column":28}},"loc":{"start":{"line":27,"column":31},"end":{"line":29,"column":3}},"line":27},"3":{"name":"handleShowDetails","decl":{"start":{"line":31,"column":11},"end":{"line":31,"column":28}},"loc":{"start":{"line":31,"column":31},"end":{"line":33,"column":3}},"line":31}},"branchMap":{"0":{"loc":{"start":{"line":25,"column":19},"end":{"line":25,"column":39}},"type":"binary-expr","locations":[{"start":{"line":25,"column":19},"end":{"line":25,"column":24}},{"start":{"line":25,"column":28},"end":{"line":25,"column":39}}],"line":25},"1":{"loc":{"start":{"line":36,"column":41},"end":{"line":36,"column":73}},"type":"binary-expr","locations":[{"start":{"line":36,"column":41},"end":{"line":36,"column":49}},{"start":{"line":36,"column":53},"end":{"line":36,"column":73}}],"line":36},"2":{"loc":{"start":{"line":39,"column":19},"end":{"line":39,"column":77}},"type":"cond-expr","locations":[{"start":{"line":39,"column":30},"end":{"line":39,"column":54}},{"start":{"line":39,"column":57},"end":{"line":39,"column":77}}],"line":39},"3":{"loc":{"start":{"line":42,"column":17},"end":{"line":42,"column":59}},"type":"cond-expr","locations":[{"start":{"line":42,"column":28},"end":{"line":42,"column":44}},{"start":{"line":42,"column":47},"end":{"line":42,"column":59}}],"line":42},"4":{"loc":{"start":{"line":47,"column":19},"end":{"line":47,"column":77}},"type":"cond-expr","locations":[{"start":{"line":47,"column":30},"end":{"line":47,"column":54}},{"start":{"line":47,"column":57},"end":{"line":47,"column":77}}],"line":47},"5":{"loc":{"start":{"line":49,"column":13},"end":{"line":56,"column":13}},"type":"cond-expr","locations":[{"start":{"line":50,"column":14},"end":{"line":53,"column":16}},{"start":{"line":55,"column":14},"end":{"line":55,"column":59}}],"line":49},"6":{"loc":{"start":{"line":58,"column":37},"end":{"line":58,"column":67}},"type":"binary-expr","locations":[{"start":{"line":58,"column":37},"end":{"line":58,"column":46}},{"start":{"line":58,"column":50},"end":{"line":58,"column":67}}],"line":58},"7":{"loc":{"start":{"line":64,"column":42},"end":{"line":64,"column":78}},"type":"binary-expr","locations":[{"start":{"line":64,"column":42},"end":{"line":64,"column":50}},{"start":{"line":64,"column":54},"end":{"line":64,"column":78}}],"line":64}},"s":{"0":0,"1":0,"2":0,"3":0,"4":0,"5":0,"6":0,"7":0,"8":0,"9":0,"10":0,"11":1},"f":{"0":0,"1":0,"2":0,"3":0},"b":{"0":[0,0],"1":[0,0],"2":[0,0],"3":[0,0],"4":[0,0],"5":[0,0],"6":[0,0],"7":[0,0]},"_coverageSchema":"1a1c01bbd47fc00a2c39e90264f33305004495a9","hash":"4aef11144bcd51e19e78f66c7a722f791641a9f3"}
,"/home/javier/Documents/intekglobal/training/leicaMicrInvent/leicMicInv/src/components/ItemsHeader.js": {"path":"/home/javier/Documents/intekglobal/training/leicaMicrInvent/leicMicInv/src/components/ItemsHeader.js","statementMap":{"0":{"start":{"line":6,"column":2},"end":{"line":11,"column":4}},"1":{"start":{"line":15,"column":28},"end":{"line":15,"column":40}},"2":{"start":{"line":16,"column":22},"end":{"line":16,"column":34}},"3":{"start":{"line":17,"column":23},"end":{"line":19,"column":7}},"4":{"start":{"line":18,"column":4},"end":{"line":18,"column":45}},"5":{"start":{"line":21,"column":2},"end":{"line":23,"column":9}},"6":{"start":{"line":22,"column":4},"end":{"line":22,"column":52}},"7":{"start":{"line":22,"column":33},"end":{"line":22,"column":50}},"8":{"start":{"line":25,"column":21},"end":{"line":28,"column":7}},"9":{"start":{"line":26,"column":25},"end":{"line":26,"column":65}},"10":{"start":{"line":27,"column":4},"end":{"line":27,"column":37}},"11":{"start":{"line":29,"column":24},"end":{"line":29,"column":56}},"12":{"start":{"line":31,"column":2},"end":{"line":38,"column":4}},"13":{"start":{"line":41,"column":15},"end":{"line":56,"column":2}}},"fnMap":{"0":{"name":"ItemInfo","decl":{"start":{"line":5,"column":9},"end":{"line":5,"column":17}},"loc":{"start":{"line":5,"column":34},"end":{"line":12,"column":1}},"line":5},"1":{"name":"ItemsHeader","decl":{"start":{"line":14,"column":16},"end":{"line":14,"column":27}},"loc":{"start":{"line":14,"column":39},"end":{"line":39,"column":1}},"line":14},"2":{"name":"(anonymous_2)","decl":{"start":{"line":17,"column":36},"end":{"line":17,"column":37}},"loc":{"start":{"line":17,"column":65},"end":{"line":19,"column":3}},"line":17},"3":{"name":"(anonymous_3)","decl":{"start":{"line":21,"column":12},"end":{"line":21,"column":13}},"loc":{"start":{"line":21,"column":18},"end":{"line":23,"column":3}},"line":21},"4":{"name":"(anonymous_4)","decl":{"start":{"line":22,"column":20},"end":{"line":22,"column":21}},"loc":{"start":{"line":22,"column":33},"end":{"line":22,"column":50}},"line":22},"5":{"name":"(anonymous_5)","decl":{"start":{"line":25,"column":34},"end":{"line":25,"column":35}},"loc":{"start":{"line":25,"column":63},"end":{"line":28,"column":3}},"line":25}},"branchMap":{},"s":{"0":8,"1":2,"2":2,"3":2,"4":0,"5":2,"6":1,"7":1,"8":2,"9":0,"10":0,"11":2,"12":2,"13":2},"f":{"0":8,"1":2,"2":0,"3":1,"4":1,"5":0},"b":{},"_coverageSchema":"1a1c01bbd47fc00a2c39e90264f33305004495a9","hash":"2d6909391bd4c7e8736cdd12da39672032c2a414"}
,"/home/javier/Documents/intekglobal/training/leicaMicrInvent/leicMicInv/src/components/Notification.js": {"path":"/home/javier/Documents/intekglobal/training/leicaMicrInvent/leicMicInv/src/components/Notification.js","statementMap":{"0":{"start":{"line":6,"column":34},"end":{"line":6,"column":46}},"1":{"start":{"line":7,"column":17},"end":{"line":7,"column":36}},"2":{"start":{"line":9,"column":2},"end":{"line":41,"column":4}},"3":{"start":{"line":44,"column":15},"end":{"line":92,"column":2}}},"fnMap":{"0":{"name":"Notification","decl":{"start":{"line":5,"column":16},"end":{"line":5,"column":28}},"loc":{"start":{"line":5,"column":47},"end":{"line":42,"column":1}},"line":5}},"branchMap":{"0":{"loc":{"start":{"line":13,"column":8},"end":{"line":13,"column":52}},"type":"binary-expr","locations":[{"start":{"line":13,"column":8},"end":{"line":13,"column":14}},{"start":{"line":13,"column":18},"end":{"line":13,"column":52}}],"line":13},"1":{"loc":{"start":{"line":19,"column":18},"end":{"line":19,"column":63}},"type":"cond-expr","locations":[{"start":{"line":19,"column":27},"end":{"line":19,"column":41}},{"start":{"line":19,"column":44},"end":{"line":19,"column":63}}],"line":19},"2":{"loc":{"start":{"line":21,"column":19},"end":{"line":21,"column":44}},"type":"cond-expr","locations":[{"start":{"line":21,"column":28},"end":{"line":21,"column":35}},{"start":{"line":21,"column":38},"end":{"line":21,"column":44}}],"line":21},"3":{"loc":{"start":{"line":26,"column":44},"end":{"line":26,"column":76}},"type":"binary-expr","locations":[{"start":{"line":26,"column":44},"end":{"line":26,"column":50}},{"start":{"line":26,"column":54},"end":{"line":26,"column":76}}],"line":26},"4":{"loc":{"start":{"line":31,"column":39},"end":{"line":31,"column":66}},"type":"binary-expr","locations":[{"start":{"line":31,"column":39},"end":{"line":31,"column":45}},{"start":{"line":31,"column":49},"end":{"line":31,"column":66}}],"line":31}},"s":{"0":0,"1":0,"2":0,"3":1},"f":{"0":0},"b":{"0":[0,0],"1":[0,0],"2":[0,0],"3":[0,0],"4":[0,0]},"_coverageSchema":"1a1c01bbd47fc00a2c39e90264f33305004495a9","hash":"a96283c25452fe89804cf7fc9a3c05ebd5790eaf"}
,"/home/javier/Documents/intekglobal/training/leicaMicrInvent/leicMicInv/src/components/Scanning.js": {"path":"/home/javier/Documents/intekglobal/training/leicaMicrInvent/leicMicInv/src/components/Scanning.js","statementMap":{"0":{"start":{"line":7,"column":44},"end":{"line":7,"column":58}},"1":{"start":{"line":8,"column":32},"end":{"line":8,"column":47}},"2":{"start":{"line":10,"column":2},"end":{"line":17,"column":9}},"3":{"start":{"line":11,"column":41},"end":{"line":14,"column":5}},"4":{"start":{"line":12,"column":25},"end":{"line":12,"column":71}},"5":{"start":{"line":13,"column":6},"end":{"line":13,"column":45}},"6":{"start":{"line":16,"column":4},"end":{"line":16,"column":35}},"7":{"start":{"line":18,"column":31},"end":{"line":23,"column":3}},"8":{"start":{"line":19,"column":4},"end":{"line":19,"column":21}},"9":{"start":{"line":21,"column":4},"end":{"line":21,"column":22}},"10":{"start":{"line":25,"column":2},"end":{"line":27,"column":3}},"11":{"start":{"line":26,"column":4},"end":{"line":26,"column":57}},"12":{"start":{"line":28,"column":2},"end":{"line":30,"column":3}},"13":{"start":{"line":29,"column":4},"end":{"line":29,"column":44}},"14":{"start":{"line":32,"column":2},"end":{"line":42,"column":4}},"15":{"start":{"line":39,"column":59},"end":{"line":39,"column":76}},"16":{"start":{"line":45,"column":15},"end":{"line":47,"column":2}}},"fnMap":{"0":{"name":"Scanning","decl":{"start":{"line":6,"column":16},"end":{"line":6,"column":24}},"loc":{"start":{"line":6,"column":27},"end":{"line":43,"column":1}},"line":6},"1":{"name":"(anonymous_1)","decl":{"start":{"line":10,"column":12},"end":{"line":10,"column":13}},"loc":{"start":{"line":10,"column":18},"end":{"line":17,"column":3}},"line":10},"2":{"name":"(anonymous_2)","decl":{"start":{"line":11,"column":41},"end":{"line":11,"column":42}},"loc":{"start":{"line":11,"column":53},"end":{"line":14,"column":5}},"line":11},"3":{"name":"(anonymous_3)","decl":{"start":{"line":18,"column":31},"end":{"line":18,"column":32}},"loc":{"start":{"line":18,"column":51},"end":{"line":23,"column":3}},"line":18},"4":{"name":"(anonymous_4)","decl":{"start":{"line":39,"column":53},"end":{"line":39,"column":54}},"loc":{"start":{"line":39,"column":59},"end":{"line":39,"column":76}},"line":39}},"branchMap":{"0":{"loc":{"start":{"line":25,"column":2},"end":{"line":27,"column":3}},"type":"if","locations":[{"start":{"line":25,"column":2},"end":{"line":27,"column":3}},{"start":{},"end":{}}],"line":25},"1":{"loc":{"start":{"line":28,"column":2},"end":{"line":30,"column":3}},"type":"if","locations":[{"start":{"line":28,"column":2},"end":{"line":30,"column":3}},{"start":{},"end":{}}],"line":28},"2":{"loc":{"start":{"line":35,"column":26},"end":{"line":35,"column":68}},"type":"cond-expr","locations":[{"start":{"line":35,"column":36},"end":{"line":35,"column":45}},{"start":{"line":35,"column":48},"end":{"line":35,"column":68}}],"line":35},"3":{"loc":{"start":{"line":38,"column":7},"end":{"line":40,"column":7}},"type":"binary-expr","locations":[{"start":{"line":38,"column":7},"end":{"line":38,"column":14}},{"start":{"line":39,"column":8},"end":{"line":39,"column":80}}],"line":38}},"s":{"0":0,"1":0,"2":0,"3":0,"4":0,"5":0,"6":0,"7":0,"8":0,"9":0,"10":0,"11":0,"12":0,"13":0,"14":0,"15":0,"16":1},"f":{"0":0,"1":0,"2":0,"3":0,"4":0},"b":{"0":[0,0],"1":[0,0],"2":[0,0],"3":[0,0]},"_coverageSchema":"1a1c01bbd47fc00a2c39e90264f33305004495a9","hash":"a5f4f1f7224481d67d9318d3dbe4d4057f128853"}
,"/home/javier/Documents/intekglobal/training/leicaMicrInvent/leicMicInv/src/constants/colors.js": {"path":"/home/javier/Documents/intekglobal/training/leicaMicrInvent/leicMicInv/src/constants/colors.js","statementMap":{"0":{"start":{"line":1,"column":22},"end":{"line":4,"column":1}}},"fnMap":{},"branchMap":{},"s":{"0":3},"f":{},"b":{},"_coverageSchema":"1a1c01bbd47fc00a2c39e90264f33305004495a9","hash":"001e22d58ee7d80a336b8c5a9f26850fdcf3f5df"}
,"/home/javier/Documents/intekglobal/training/leicaMicrInvent/leicMicInv/src/navigation/BottomTabsNavigation.js": {"path":"/home/javier/Documents/intekglobal/training/leicaMicrInvent/leicMicInv/src/navigation/BottomTabsNavigation.js","statementMap":{"0":{"start":{"line":14,"column":12},"end":{"line":14,"column":38}},"1":{"start":{"line":17,"column":2},"end":{"line":88,"column":4}},"2":{"start":{"line":20,"column":37},"end":{"line":22,"column":7}},"3":{"start":{"line":29,"column":12},"end":{"line":29,"column":78}},"4":{"start":{"line":40,"column":12},"end":{"line":40,"column":80}},"5":{"start":{"line":50,"column":12},"end":{"line":59,"column":14}},"6":{"start":{"line":68,"column":12},"end":{"line":68,"column":72}},"7":{"start":{"line":77,"column":12},"end":{"line":83,"column":14}},"8":{"start":{"line":91,"column":15},"end":{"line":102,"column":2}}},"fnMap":{"0":{"name":"BottomTabsNavigation","decl":{"start":{"line":16,"column":16},"end":{"line":16,"column":36}},"loc":{"start":{"line":16,"column":39},"end":{"line":89,"column":1}},"line":16},"1":{"name":"(anonymous_1)","decl":{"start":{"line":20,"column":21},"end":{"line":20,"column":22}},"loc":{"start":{"line":20,"column":37},"end":{"line":22,"column":7}},"line":20},"2":{"name":"(anonymous_2)","decl":{"start":{"line":28,"column":22},"end":{"line":28,"column":23}},"loc":{"start":{"line":28,"column":52},"end":{"line":30,"column":11}},"line":28},"3":{"name":"(anonymous_3)","decl":{"start":{"line":39,"column":22},"end":{"line":39,"column":23}},"loc":{"start":{"line":39,"column":52},"end":{"line":41,"column":11}},"line":39},"4":{"name":"(anonymous_4)","decl":{"start":{"line":49,"column":22},"end":{"line":49,"column":23}},"loc":{"start":{"line":49,"column":52},"end":{"line":60,"column":11}},"line":49},"5":{"name":"(anonymous_5)","decl":{"start":{"line":67,"column":22},"end":{"line":67,"column":23}},"loc":{"start":{"line":67,"column":52},"end":{"line":69,"column":11}},"line":67},"6":{"name":"(anonymous_6)","decl":{"start":{"line":76,"column":22},"end":{"line":76,"column":23}},"loc":{"start":{"line":76,"column":52},"end":{"line":84,"column":11}},"line":76}},"branchMap":{"0":{"loc":{"start":{"line":54,"column":18},"end":{"line":56,"column":50}},"type":"cond-expr","locations":[{"start":{"line":55,"column":22},"end":{"line":55,"column":43}},{"start":{"line":56,"column":22},"end":{"line":56,"column":50}}],"line":54}},"s":{"0":1,"1":0,"2":0,"3":0,"4":0,"5":0,"6":0,"7":0,"8":1},"f":{"0":0,"1":0,"2":0,"3":0,"4":0,"5":0,"6":0},"b":{"0":[0,0]},"_coverageSchema":"1a1c01bbd47fc00a2c39e90264f33305004495a9","hash":"6b2f582e14958846f663e5d4dfd677c800ab4c10"}
,"/home/javier/Documents/intekglobal/training/leicaMicrInvent/leicMicInv/src/screens/Dashboard.js": {"path":"/home/javier/Documents/intekglobal/training/leicaMicrInvent/leicMicInv/src/screens/Dashboard.js","statementMap":{"0":{"start":{"line":9,"column":40},"end":{"line":9,"column":52}},"1":{"start":{"line":11,"column":2},"end":{"line":15,"column":9}},"2":{"start":{"line":12,"column":4},"end":{"line":14,"column":7}},"3":{"start":{"line":13,"column":6},"end":{"line":13,"column":28}},"4":{"start":{"line":17,"column":2},"end":{"line":58,"column":4}},"5":{"start":{"line":51,"column":36},"end":{"line":51,"column":43}},"6":{"start":{"line":52,"column":38},"end":{"line":52,"column":70}},"7":{"start":{"line":61,"column":15},"end":{"line":83,"column":2}}},"fnMap":{"0":{"name":"Dashboard","decl":{"start":{"line":8,"column":24},"end":{"line":8,"column":33}},"loc":{"start":{"line":8,"column":36},"end":{"line":59,"column":1}},"line":8},"1":{"name":"(anonymous_1)","decl":{"start":{"line":11,"column":12},"end":{"line":11,"column":13}},"loc":{"start":{"line":11,"column":18},"end":{"line":15,"column":3}},"line":11},"2":{"name":"(anonymous_2)","decl":{"start":{"line":12,"column":26},"end":{"line":12,"column":27}},"loc":{"start":{"line":12,"column":37},"end":{"line":14,"column":5}},"line":12},"3":{"name":"(anonymous_3)","decl":{"start":{"line":51,"column":26},"end":{"line":51,"column":27}},"loc":{"start":{"line":51,"column":36},"end":{"line":51,"column":43}},"line":51},"4":{"name":"(anonymous_4)","decl":{"start":{"line":52,"column":24},"end":{"line":52,"column":25}},"loc":{"start":{"line":52,"column":38},"end":{"line":52,"column":70}},"line":52}},"branchMap":{},"s":{"0":0,"1":0,"2":0,"3":0,"4":0,"5":0,"6":0,"7":1},"f":{"0":0,"1":0,"2":0,"3":0,"4":0},"b":{},"_coverageSchema":"1a1c01bbd47fc00a2c39e90264f33305004495a9","hash":"6f3612c8e18dc9ca1302656a25689ca555001707"}
,"/home/javier/Documents/intekglobal/training/leicaMicrInvent/leicMicInv/src/screens/ItemDetails.js": {"path":"/home/javier/Documents/intekglobal/training/leicaMicrInvent/leicMicInv/src/screens/ItemDetails.js","statementMap":{"0":{"start":{"line":17,"column":2},"end":{"line":22,"column":4}},"1":{"start":{"line":26,"column":2},"end":{"line":36,"column":4}},"2":{"start":{"line":40,"column":17},"end":{"line":40,"column":29}},"3":{"start":{"line":41,"column":42},"end":{"line":41,"column":56}},"4":{"start":{"line":43,"column":2},"end":{"line":49,"column":11}},"5":{"start":{"line":45,"column":4},"end":{"line":48,"column":7}},"6":{"start":{"line":46,"column":6},"end":{"line":46,"column":53}},"7":{"start":{"line":47,"column":6},"end":{"line":47,"column":31}},"8":{"start":{"line":51,"column":2},"end":{"line":58,"column":3}},"9":{"start":{"line":52,"column":4},"end":{"line":57,"column":6}},"10":{"start":{"line":62,"column":2},"end":{"line":144,"column":4}},"11":{"start":{"line":147,"column":15},"end":{"line":251,"column":2}}},"fnMap":{"0":{"name":"OptionButton","decl":{"start":{"line":16,"column":9},"end":{"line":16,"column":21}},"loc":{"start":{"line":16,"column":47},"end":{"line":23,"column":1}},"line":16},"1":{"name":"NumberOptions","decl":{"start":{"line":25,"column":9},"end":{"line":25,"column":22}},"loc":{"start":{"line":25,"column":46},"end":{"line":37,"column":1}},"line":25},"2":{"name":"ItemDetails","decl":{"start":{"line":39,"column":24},"end":{"line":39,"column":35}},"loc":{"start":{"line":39,"column":59},"end":{"line":145,"column":1}},"line":39},"3":{"name":"(anonymous_3)","decl":{"start":{"line":43,"column":12},"end":{"line":43,"column":13}},"loc":{"start":{"line":43,"column":18},"end":{"line":49,"column":3}},"line":43},"4":{"name":"(anonymous_4)","decl":{"start":{"line":45,"column":25},"end":{"line":45,"column":26}},"loc":{"start":{"line":45,"column":38},"end":{"line":48,"column":5}},"line":45},"5":{"name":"defaultOnPress","decl":{"start":{"line":60,"column":11},"end":{"line":60,"column":25}},"loc":{"start":{"line":60,"column":28},"end":{"line":60,"column":30}},"line":60}},"branchMap":{"0":{"loc":{"start":{"line":51,"column":2},"end":{"line":58,"column":3}},"type":"if","locations":[{"start":{"line":51,"column":2},"end":{"line":58,"column":3}},{"start":{},"end":{}}],"line":51}},"s":{"0":0,"1":0,"2":0,"3":0,"4":0,"5":0,"6":0,"7":0,"8":0,"9":0,"10":0,"11":1},"f":{"0":0,"1":0,"2":0,"3":0,"4":0,"5":0},"b":{"0":[0,0]},"_coverageSchema":"1a1c01bbd47fc00a2c39e90264f33305004495a9","hash":"5d2294f581f9f3b85f9275040c85dc32dace400b"}
,"/home/javier/Documents/intekglobal/training/leicaMicrInvent/leicMicInv/src/screens/Items.js": {"path":"/home/javier/Documents/intekglobal/training/leicaMicrInvent/leicMicInv/src/screens/Items.js","statementMap":{"0":{"start":{"line":22,"column":28},"end":{"line":22,"column":38}},"1":{"start":{"line":23,"column":42},"end":{"line":23,"column":57}},"2":{"start":{"line":25,"column":2},"end":{"line":27,"column":9}},"3":{"start":{"line":26,"column":4},"end":{"line":26,"column":52}},"4":{"start":{"line":26,"column":33},"end":{"line":26,"column":50}},"5":{"start":{"line":30,"column":4},"end":{"line":30,"column":26}},"6":{"start":{"line":33,"column":2},"end":{"line":71,"column":4}},"7":{"start":{"line":57,"column":29},"end":{"line":57,"column":59}},"8":{"start":{"line":67,"column":32},"end":{"line":67,"column":39}},"9":{"start":{"line":68,"column":34},"end":{"line":68,"column":54}},"10":{"start":{"line":74,"column":15},"end":{"line":101,"column":2}}},"fnMap":{"0":{"name":"Items","decl":{"start":{"line":21,"column":24},"end":{"line":21,"column":29}},"loc":{"start":{"line":21,"column":32},"end":{"line":72,"column":1}},"line":21},"1":{"name":"(anonymous_1)","decl":{"start":{"line":25,"column":12},"end":{"line":25,"column":13}},"loc":{"start":{"line":25,"column":18},"end":{"line":27,"column":3}},"line":25},"2":{"name":"(anonymous_2)","decl":{"start":{"line":26,"column":20},"end":{"line":26,"column":21}},"loc":{"start":{"line":26,"column":33},"end":{"line":26,"column":50}},"line":26},"3":{"name":"handelScan","decl":{"start":{"line":29,"column":11},"end":{"line":29,"column":21}},"loc":{"start":{"line":29,"column":24},"end":{"line":31,"column":3}},"line":29},"4":{"name":"(anonymous_4)","decl":{"start":{"line":57,"column":23},"end":{"line":57,"column":24}},"loc":{"start":{"line":57,"column":29},"end":{"line":57,"column":59}},"line":57},"5":{"name":"(anonymous_5)","decl":{"start":{"line":67,"column":22},"end":{"line":67,"column":23}},"loc":{"start":{"line":67,"column":32},"end":{"line":67,"column":39}},"line":67},"6":{"name":"(anonymous_6)","decl":{"start":{"line":68,"column":20},"end":{"line":68,"column":21}},"loc":{"start":{"line":68,"column":34},"end":{"line":68,"column":54}},"line":68}},"branchMap":{},"s":{"0":0,"1":0,"2":0,"3":0,"4":0,"5":0,"6":0,"7":0,"8":0,"9":0,"10":1},"f":{"0":0,"1":0,"2":0,"3":0,"4":0,"5":0,"6":0},"b":{},"_coverageSchema":"1a1c01bbd47fc00a2c39e90264f33305004495a9","hash":"4d69ff6d9e85b2426c618f8bad2ff67077459667"}
,"/home/javier/Documents/intekglobal/training/leicaMicrInvent/leicMicInv/src/screens/LogIn.js": {"path":"/home/javier/Documents/intekglobal/training/leicaMicrInvent/leicMicInv/src/screens/LogIn.js","statementMap":{"0":{"start":{"line":9,"column":28},"end":{"line":9,"column":40}},"1":{"start":{"line":10,"column":34},"end":{"line":10,"column":46}},"2":{"start":{"line":12,"column":27},"end":{"line":12,"column":52}},"3":{"start":{"line":15,"column":4},"end":{"line":15,"column":34}},"4":{"start":{"line":19,"column":4},"end":{"line":22,"column":7}},"5":{"start":{"line":20,"column":20},"end":{"line":20,"column":52}},"6":{"start":{"line":21,"column":6},"end":{"line":21,"column":26}},"7":{"start":{"line":24,"column":2},"end":{"line":61,"column":4}},"8":{"start":{"line":64,"column":15},"end":{"line":107,"column":2}}},"fnMap":{"0":{"name":"LogIn","decl":{"start":{"line":8,"column":24},"end":{"line":8,"column":29}},"loc":{"start":{"line":8,"column":46},"end":{"line":62,"column":1}},"line":8},"1":{"name":"goToSignupScreen","decl":{"start":{"line":14,"column":11},"end":{"line":14,"column":27}},"loc":{"start":{"line":14,"column":30},"end":{"line":16,"column":3}},"line":14},"2":{"name":"handleLogIn","decl":{"start":{"line":18,"column":11},"end":{"line":18,"column":22}},"loc":{"start":{"line":18,"column":25},"end":{"line":23,"column":3}},"line":18},"3":{"name":"(anonymous_3)","decl":{"start":{"line":19,"column":32},"end":{"line":19,"column":33}},"loc":{"start":{"line":19,"column":42},"end":{"line":22,"column":5}},"line":19}},"branchMap":{},"s":{"0":1,"1":1,"2":1,"3":1,"4":0,"5":0,"6":0,"7":1,"8":1},"f":{"0":1,"1":1,"2":0,"3":0},"b":{},"_coverageSchema":"1a1c01bbd47fc00a2c39e90264f33305004495a9","hash":"3b44a9cdfbc6f49991633cb92824f654a2da8d05"}
,"/home/javier/Documents/intekglobal/training/leicaMicrInvent/leicMicInv/src/screens/Notifications.js": {"path":"/home/javier/Documents/intekglobal/training/leicaMicrInvent/leicMicInv/src/screens/Notifications.js","statementMap":{"0":{"start":{"line":9,"column":44},"end":{"line":9,"column":56}},"1":{"start":{"line":11,"column":2},"end":{"line":13,"column":9}},"2":{"start":{"line":12,"column":4},"end":{"line":12,"column":62}},"3":{"start":{"line":12,"column":38},"end":{"line":12,"column":60}},"4":{"start":{"line":14,"column":2},"end":{"line":42,"column":4}},"5":{"start":{"line":34,"column":35},"end":{"line":34,"column":41}},"6":{"start":{"line":36,"column":14},"end":{"line":36,"column":58}},"7":{"start":{"line":45,"column":15},"end":{"line":80,"column":2}}},"fnMap":{"0":{"name":"Notifications","decl":{"start":{"line":8,"column":24},"end":{"line":8,"column":37}},"loc":{"start":{"line":8,"column":40},"end":{"line":43,"column":1}},"line":8},"1":{"name":"(anonymous_1)","decl":{"start":{"line":11,"column":12},"end":{"line":11,"column":13}},"loc":{"start":{"line":11,"column":18},"end":{"line":13,"column":3}},"line":11},"2":{"name":"(anonymous_2)","decl":{"start":{"line":12,"column":28},"end":{"line":12,"column":29}},"loc":{"start":{"line":12,"column":38},"end":{"line":12,"column":60}},"line":12},"3":{"name":"(anonymous_3)","decl":{"start":{"line":34,"column":26},"end":{"line":34,"column":27}},"loc":{"start":{"line":34,"column":35},"end":{"line":34,"column":41}},"line":34},"4":{"name":"(anonymous_4)","decl":{"start":{"line":35,"column":24},"end":{"line":35,"column":25}},"loc":{"start":{"line":36,"column":14},"end":{"line":36,"column":58}},"line":36}},"branchMap":{},"s":{"0":0,"1":0,"2":0,"3":0,"4":0,"5":0,"6":0,"7":1},"f":{"0":0,"1":0,"2":0,"3":0,"4":0},"b":{},"_coverageSchema":"1a1c01bbd47fc00a2c39e90264f33305004495a9","hash":"f9f4b0fab2f2bf07db2f9718541f30d461e4c76f"}
,"/home/javier/Documents/intekglobal/training/leicaMicrInvent/leicMicInv/src/screens/Search.js": {"path":"/home/javier/Documents/intekglobal/training/leicaMicrInvent/leicMicInv/src/screens/Search.js","statementMap":{"0":{"start":{"line":10,"column":26},"end":{"line":10,"column":38}},"1":{"start":{"line":11,"column":38},"end":{"line":11,"column":50}},"2":{"start":{"line":12,"column":34},"end":{"line":12,"column":46}},"3":{"start":{"line":14,"column":2},"end":{"line":19,"column":9}},"4":{"start":{"line":15,"column":4},"end":{"line":18,"column":7}},"5":{"start":{"line":16,"column":6},"end":{"line":16,"column":25}},"6":{"start":{"line":17,"column":6},"end":{"line":17,"column":38}},"7":{"start":{"line":17,"column":17},"end":{"line":17,"column":38}},"8":{"start":{"line":22,"column":4},"end":{"line":22,"column":34}},"9":{"start":{"line":26,"column":4},"end":{"line":26,"column":18}},"10":{"start":{"line":28,"column":21},"end":{"line":33,"column":6}},"11":{"start":{"line":29,"column":24},"end":{"line":29,"column":47}},"12":{"start":{"line":30,"column":24},"end":{"line":30,"column":42}},"13":{"start":{"line":32,"column":6},"end":{"line":32,"column":43}},"14":{"start":{"line":35,"column":4},"end":{"line":35,"column":28}},"15":{"start":{"line":38,"column":2},"end":{"line":71,"column":4}},"16":{"start":{"line":64,"column":34},"end":{"line":64,"column":41}},"17":{"start":{"line":66,"column":12},"end":{"line":66,"column":67}},"18":{"start":{"line":74,"column":15},"end":{"line":103,"column":2}}},"fnMap":{"0":{"name":"Search","decl":{"start":{"line":9,"column":24},"end":{"line":9,"column":30}},"loc":{"start":{"line":9,"column":33},"end":{"line":72,"column":1}},"line":9},"1":{"name":"(anonymous_1)","decl":{"start":{"line":14,"column":12},"end":{"line":14,"column":13}},"loc":{"start":{"line":14,"column":18},"end":{"line":19,"column":3}},"line":14},"2":{"name":"(anonymous_2)","decl":{"start":{"line":15,"column":20},"end":{"line":15,"column":21}},"loc":{"start":{"line":15,"column":31},"end":{"line":18,"column":5}},"line":15},"3":{"name":"handleSearchOptions","decl":{"start":{"line":21,"column":11},"end":{"line":21,"column":30}},"loc":{"start":{"line":21,"column":33},"end":{"line":23,"column":3}},"line":21},"4":{"name":"onChangeText","decl":{"start":{"line":25,"column":11},"end":{"line":25,"column":23}},"loc":{"start":{"line":25,"column":30},"end":{"line":36,"column":3}},"line":25},"5":{"name":"(anonymous_5)","decl":{"start":{"line":28,"column":37},"end":{"line":28,"column":38}},"loc":{"start":{"line":28,"column":47},"end":{"line":33,"column":5}},"line":28},"6":{"name":"(anonymous_6)","decl":{"start":{"line":64,"column":24},"end":{"line":64,"column":25}},"loc":{"start":{"line":64,"column":34},"end":{"line":64,"column":41}},"line":64},"7":{"name":"(anonymous_7)","decl":{"start":{"line":65,"column":22},"end":{"line":65,"column":23}},"loc":{"start":{"line":66,"column":12},"end":{"line":66,"column":67}},"line":66}},"branchMap":{"0":{"loc":{"start":{"line":17,"column":6},"end":{"line":17,"column":38}},"type":"if","locations":[{"start":{"line":17,"column":6},"end":{"line":17,"column":38}},{"start":{},"end":{}}],"line":17}},"s":{"0":0,"1":0,"2":0,"3":0,"4":0,"5":0,"6":0,"7":0,"8":0,"9":0,"10":0,"11":0,"12":0,"13":0,"14":0,"15":0,"16":0,"17":0,"18":1},"f":{"0":0,"1":0,"2":0,"3":0,"4":0,"5":0,"6":0,"7":0},"b":{"0":[0,0]},"_coverageSchema":"1a1c01bbd47fc00a2c39e90264f33305004495a9","hash":"d41da08e82b4aab81ace2f2571afd48b8e8c3f7e"}
,"/home/javier/Documents/intekglobal/training/leicaMicrInvent/leicMicInv/src/screens/Settings.js": {"path":"/home/javier/Documents/intekglobal/training/leicaMicrInvent/leicMicInv/src/screens/Settings.js","statementMap":{"0":{"start":{"line":11,"column":2},"end":{"line":22,"column":4}},"1":{"start":{"line":26,"column":27},"end":{"line":26,"column":52}},"2":{"start":{"line":29,"column":4},"end":{"line":29,"column":28}},"3":{"start":{"line":33,"column":4},"end":{"line":33,"column":23}},"4":{"start":{"line":34,"column":4},"end":{"line":34,"column":13}},"5":{"start":{"line":36,"column":2},"end":{"line":76,"column":4}},"6":{"start":{"line":79,"column":15},"end":{"line":130,"column":2}}},"fnMap":{"0":{"name":"MenuOption","decl":{"start":{"line":10,"column":9},"end":{"line":10,"column":19}},"loc":{"start":{"line":10,"column":49},"end":{"line":23,"column":1}},"line":10},"1":{"name":"Settings","decl":{"start":{"line":25,"column":24},"end":{"line":25,"column":32}},"loc":{"start":{"line":25,"column":35},"end":{"line":77,"column":1}},"line":25},"2":{"name":"defaultPresser","decl":{"start":{"line":28,"column":11},"end":{"line":28,"column":25}},"loc":{"start":{"line":28,"column":28},"end":{"line":30,"column":3}},"line":28},"3":{"name":"handleLogOut","decl":{"start":{"line":32,"column":11},"end":{"line":32,"column":23}},"loc":{"start":{"line":32,"column":26},"end":{"line":35,"column":3}},"line":32}},"branchMap":{},"s":{"0":0,"1":0,"2":0,"3":0,"4":0,"5":0,"6":1},"f":{"0":0,"1":0,"2":0,"3":0},"b":{},"_coverageSchema":"1a1c01bbd47fc00a2c39e90264f33305004495a9","hash":"4425ea467a28757106f55aa949f1ffaf09f5e652"}
,"/home/javier/Documents/intekglobal/training/leicaMicrInvent/leicMicInv/src/screens/SignUp.js": {"path":"/home/javier/Documents/intekglobal/training/leicaMicrInvent/leicMicInv/src/screens/SignUp.js","statementMap":{"0":{"start":{"line":10,"column":34},"end":{"line":10,"column":46}},"1":{"start":{"line":11,"column":28},"end":{"line":11,"column":40}},"2":{"start":{"line":12,"column":42},"end":{"line":12,"column":54}},"3":{"start":{"line":13,"column":34},"end":{"line":13,"column":46}},"4":{"start":{"line":14,"column":27},"end":{"line":14,"column":52}},"5":{"start":{"line":17,"column":4},"end":{"line":17,"column":33}},"6":{"start":{"line":21,"column":4},"end":{"line":27,"column":5}},"7":{"start":{"line":22,"column":6},"end":{"line":25,"column":8}},"8":{"start":{"line":26,"column":6},"end":{"line":26,"column":13}},"9":{"start":{"line":29,"column":4},"end":{"line":32,"column":7}},"10":{"start":{"line":30,"column":20},"end":{"line":30,"column":52}},"11":{"start":{"line":31,"column":6},"end":{"line":31,"column":26}},"12":{"start":{"line":35,"column":2},"end":{"line":90,"column":4}},"13":{"start":{"line":93,"column":15},"end":{"line":136,"column":2}}},"fnMap":{"0":{"name":"SignUp","decl":{"start":{"line":9,"column":24},"end":{"line":9,"column":30}},"loc":{"start":{"line":9,"column":47},"end":{"line":91,"column":1}},"line":9},"1":{"name":"goToLogIn","decl":{"start":{"line":16,"column":11},"end":{"line":16,"column":20}},"loc":{"start":{"line":16,"column":23},"end":{"line":18,"column":3}},"line":16},"2":{"name":"handleRegister","decl":{"start":{"line":20,"column":11},"end":{"line":20,"column":25}},"loc":{"start":{"line":20,"column":28},"end":{"line":33,"column":3}},"line":20},"3":{"name":"(anonymous_3)","decl":{"start":{"line":29,"column":39},"end":{"line":29,"column":40}},"loc":{"start":{"line":29,"column":49},"end":{"line":32,"column":5}},"line":29}},"branchMap":{"0":{"loc":{"start":{"line":21,"column":4},"end":{"line":27,"column":5}},"type":"if","locations":[{"start":{"line":21,"column":4},"end":{"line":27,"column":5}},{"start":{},"end":{}}],"line":21}},"s":{"0":9,"1":9,"2":9,"3":9,"4":9,"5":1,"6":2,"7":1,"8":1,"9":1,"10":1,"11":1,"12":9,"13":2},"f":{"0":9,"1":1,"2":2,"3":1},"b":{"0":[1,1]},"_coverageSchema":"1a1c01bbd47fc00a2c39e90264f33305004495a9","hash":"4da207597ae5fb7166ad2a8d6c400e77b2647b3b"}
,"/home/javier/Documents/intekglobal/training/leicaMicrInvent/leicMicInv/src/state/context.js": {"path":"/home/javier/Documents/intekglobal/training/leicaMicrInvent/leicMicInv/src/state/context.js","statementMap":{"0":{"start":{"line":3,"column":29},"end":{"line":3,"column":44}}},"fnMap":{},"branchMap":{},"s":{"0":2},"f":{},"b":{},"_coverageSchema":"1a1c01bbd47fc00a2c39e90264f33305004495a9","hash":"4dad87a5bf053c7bc53c22cf068fd406816a6039"}
}
