TN:
SF:App.js
FN:16,App
FNF:1
FNH:1
FNDA:1,App
DA:15,1
DA:17,1
DA:19,1
LF:3
LH:3
BRDA:23,0,0,0
BRDA:23,0,1,1
BRF:2
BRH:1
end_of_record
TN:
SF:src/components/DashboardCard.js
FN:4,DashboardCard
FNF:1
FNH:1
FNDA:1,DashboardCard
DA:5,1
DA:14,2
LF:2
LH:2
BRDA:6,0,0,1
BRDA:6,0,1,1
BRF:2
BRH:2
end_of_record
TN:
SF:src/components/IconButton.js
FN:4,IconButton
FN:7,(anonymous_1)
FNF:2
FNH:0
FNDA:0,IconButton
FNDA:0,(anonymous_1)
DA:5,0
DA:7,0
DA:21,1
LF:3
LH:1
BRDA:4,0,0,0
BRDA:4,1,0,0
BRDA:9,2,0,0
BRDA:9,2,1,0
BRDA:10,3,0,0
BRDA:10,3,1,0
BRF:6
BRH:0
end_of_record
TN:
SF:src/components/Item.js
FN:5,TextWithHighlight
FN:20,Item
FN:27,handleShowOptions
FN:31,handleShowDetails
FNF:4
FNH:0
FNDA:0,TextWithHighlight
FNDA:0,Item
FNDA:0,handleShowOptions
FNDA:0,handleShowDetails
DA:6,0
DA:7,0
DA:8,0
DA:9,0
DA:11,0
DA:21,0
DA:23,0
DA:25,0
DA:28,0
DA:32,0
DA:34,0
DA:74,1
LF:12
LH:1
BRDA:25,0,0,0
BRDA:25,0,1,0
BRDA:36,1,0,0
BRDA:36,1,1,0
BRDA:39,2,0,0
BRDA:39,2,1,0
BRDA:42,3,0,0
BRDA:42,3,1,0
BRDA:47,4,0,0
BRDA:47,4,1,0
BRDA:49,5,0,0
BRDA:49,5,1,0
BRDA:58,6,0,0
BRDA:58,6,1,0
BRDA:64,7,0,0
BRDA:64,7,1,0
BRF:16
BRH:0
end_of_record
TN:
SF:src/components/ItemsHeader.js
FN:5,ItemInfo
FN:14,ItemsHeader
FN:17,(anonymous_2)
FN:21,(anonymous_3)
FN:22,(anonymous_4)
FN:25,(anonymous_5)
FNF:6
FNH:4
FNDA:8,ItemInfo
FNDA:2,ItemsHeader
FNDA:0,(anonymous_2)
FNDA:1,(anonymous_3)
FNDA:1,(anonymous_4)
FNDA:0,(anonymous_5)
DA:6,8
DA:15,2
DA:16,2
DA:17,2
DA:18,0
DA:21,2
DA:22,1
DA:25,2
DA:26,0
DA:27,0
DA:29,2
DA:31,2
DA:41,2
LF:13
LH:10
BRF:0
BRH:0
end_of_record
TN:
SF:src/components/Notification.js
FN:5,Notification
FNF:1
FNH:0
FNDA:0,Notification
DA:6,0
DA:7,0
DA:9,0
DA:44,1
LF:4
LH:1
BRDA:13,0,0,0
BRDA:13,0,1,0
BRDA:19,1,0,0
BRDA:19,1,1,0
BRDA:21,2,0,0
BRDA:21,2,1,0
BRDA:26,3,0,0
BRDA:26,3,1,0
BRDA:31,4,0,0
BRDA:31,4,1,0
BRF:10
BRH:0
end_of_record
TN:
SF:src/components/Scanning.js
FN:6,Scanning
FN:10,(anonymous_1)
FN:11,(anonymous_2)
FN:18,(anonymous_3)
FN:39,(anonymous_4)
FNF:5
FNH:0
FNDA:0,Scanning
FNDA:0,(anonymous_1)
FNDA:0,(anonymous_2)
FNDA:0,(anonymous_3)
FNDA:0,(anonymous_4)
DA:7,0
DA:8,0
DA:10,0
DA:11,0
DA:12,0
DA:13,0
DA:16,0
DA:18,0
DA:19,0
DA:21,0
DA:25,0
DA:26,0
DA:28,0
DA:29,0
DA:32,0
DA:39,0
DA:45,1
LF:17
LH:1
BRDA:25,0,0,0
BRDA:25,0,1,0
BRDA:28,1,0,0
BRDA:28,1,1,0
BRDA:35,2,0,0
BRDA:35,2,1,0
BRDA:38,3,0,0
BRDA:38,3,1,0
BRF:8
BRH:0
end_of_record
TN:
SF:src/constants/colors.js
FNF:0
FNH:0
DA:1,3
LF:1
LH:1
BRF:0
BRH:0
end_of_record
TN:
SF:src/navigation/BottomTabsNavigation.js
FN:16,BottomTabsNavigation
FN:20,(anonymous_1)
FN:28,(anonymous_2)
FN:39,(anonymous_3)
FN:49,(anonymous_4)
FN:67,(anonymous_5)
FN:76,(anonymous_6)
FNF:7
FNH:0
FNDA:0,BottomTabsNavigation
FNDA:0,(anonymous_1)
FNDA:0,(anonymous_2)
FNDA:0,(anonymous_3)
FNDA:0,(anonymous_4)
FNDA:0,(anonymous_5)
FNDA:0,(anonymous_6)
DA:14,1
DA:17,0
DA:20,0
DA:29,0
DA:40,0
DA:50,0
DA:68,0
DA:77,0
DA:91,1
LF:9
LH:2
BRDA:54,0,0,0
BRDA:54,0,1,0
BRF:2
BRH:0
end_of_record
TN:
SF:src/screens/Dashboard.js
FN:8,Dashboard
FN:11,(anonymous_1)
FN:12,(anonymous_2)
FN:51,(anonymous_3)
FN:52,(anonymous_4)
FNF:5
FNH:0
FNDA:0,Dashboard
FNDA:0,(anonymous_1)
FNDA:0,(anonymous_2)
FNDA:0,(anonymous_3)
FNDA:0,(anonymous_4)
DA:9,0
DA:11,0
DA:12,0
DA:13,0
DA:17,0
DA:51,0
DA:52,0
DA:61,1
LF:8
LH:1
BRF:0
BRH:0
end_of_record
TN:
SF:src/screens/ItemDetails.js
FN:16,OptionButton
FN:25,NumberOptions
FN:39,ItemDetails
FN:43,(anonymous_3)
FN:45,(anonymous_4)
FN:60,defaultOnPress
FNF:6
FNH:0
FNDA:0,OptionButton
FNDA:0,NumberOptions
FNDA:0,ItemDetails
FNDA:0,(anonymous_3)
FNDA:0,(anonymous_4)
FNDA:0,defaultOnPress
DA:17,0
DA:26,0
DA:40,0
DA:41,0
DA:43,0
DA:45,0
DA:46,0
DA:47,0
DA:51,0
DA:52,0
DA:62,0
DA:147,1
LF:12
LH:1
BRDA:51,0,0,0
BRDA:51,0,1,0
BRF:2
BRH:0
end_of_record
TN:
SF:src/screens/Items.js
FN:21,Items
FN:25,(anonymous_1)
FN:26,(anonymous_2)
FN:29,handelScan
FN:57,(anonymous_4)
FN:67,(anonymous_5)
FN:68,(anonymous_6)
FNF:7
FNH:0
FNDA:0,Items
FNDA:0,(anonymous_1)
FNDA:0,(anonymous_2)
FNDA:0,handelScan
FNDA:0,(anonymous_4)
FNDA:0,(anonymous_5)
FNDA:0,(anonymous_6)
DA:22,0
DA:23,0
DA:25,0
DA:26,0
DA:30,0
DA:33,0
DA:57,0
DA:67,0
DA:68,0
DA:74,1
LF:10
LH:1
BRF:0
BRH:0
end_of_record
TN:
SF:src/screens/LogIn.js
FN:8,LogIn
FN:14,goToSignupScreen
FN:18,handleLogIn
FN:19,(anonymous_3)
FNF:4
FNH:2
FNDA:1,LogIn
FNDA:1,goToSignupScreen
FNDA:0,handleLogIn
FNDA:0,(anonymous_3)
DA:9,1
DA:10,1
DA:12,1
DA:15,1
DA:19,0
DA:20,0
DA:21,0
DA:24,1
DA:64,1
LF:9
LH:6
BRF:0
BRH:0
end_of_record
TN:
SF:src/screens/Notifications.js
FN:8,Notifications
FN:11,(anonymous_1)
FN:12,(anonymous_2)
FN:34,(anonymous_3)
FN:35,(anonymous_4)
FNF:5
FNH:0
FNDA:0,Notifications
FNDA:0,(anonymous_1)
FNDA:0,(anonymous_2)
FNDA:0,(anonymous_3)
FNDA:0,(anonymous_4)
DA:9,0
DA:11,0
DA:12,0
DA:14,0
DA:34,0
DA:36,0
DA:45,1
LF:7
LH:1
BRF:0
BRH:0
end_of_record
TN:
SF:src/screens/Search.js
FN:9,Search
FN:14,(anonymous_1)
FN:15,(anonymous_2)
FN:21,handleSearchOptions
FN:25,onChangeText
FN:28,(anonymous_5)
FN:64,(anonymous_6)
FN:65,(anonymous_7)
FNF:8
FNH:0
FNDA:0,Search
FNDA:0,(anonymous_1)
FNDA:0,(anonymous_2)
FNDA:0,handleSearchOptions
FNDA:0,onChangeText
FNDA:0,(anonymous_5)
FNDA:0,(anonymous_6)
FNDA:0,(anonymous_7)
DA:10,0
DA:11,0
DA:12,0
DA:14,0
DA:15,0
DA:16,0
DA:17,0
DA:22,0
DA:26,0
DA:28,0
DA:29,0
DA:30,0
DA:32,0
DA:35,0
DA:38,0
DA:64,0
DA:66,0
DA:74,1
LF:18
LH:1
BRDA:17,0,0,0
BRDA:17,0,1,0
BRF:2
BRH:0
end_of_record
TN:
SF:src/screens/Settings.js
FN:10,MenuOption
FN:25,Settings
FN:28,defaultPresser
FN:32,handleLogOut
FNF:4
FNH:0
FNDA:0,MenuOption
FNDA:0,Settings
FNDA:0,defaultPresser
FNDA:0,handleLogOut
DA:11,0
DA:26,0
DA:29,0
DA:33,0
DA:34,0
DA:36,0
DA:79,1
LF:7
LH:1
BRF:0
BRH:0
end_of_record
TN:
SF:src/screens/SignUp.js
FN:9,SignUp
FN:16,goToLogIn
FN:20,handleRegister
FN:29,(anonymous_3)
FNF:4
FNH:4
FNDA:9,SignUp
FNDA:1,goToLogIn
FNDA:2,handleRegister
FNDA:1,(anonymous_3)
DA:10,9
DA:11,9
DA:12,9
DA:13,9
DA:14,9
DA:17,1
DA:21,2
DA:22,1
DA:26,1
DA:29,1
DA:30,1
DA:31,1
DA:35,9
DA:93,2
LF:14
LH:14
BRDA:21,0,0,1
BRDA:21,0,1,1
BRF:2
BRH:2
end_of_record
TN:
SF:src/state/context.js
FNF:0
FNH:0
DA:3,2
LF:1
LH:1
BRF:0
BRH:0
end_of_record
